<?xml version="1.0" encoding="UTF-8" standalone="no"?>
<testsuite errors="0" failures="2" name="io.cucumber.core.plugin.JUnitFormatter" skipped="0" tests="13" time="173.192">
<testcase classname="guest user shall be able to register to the website" name="guest user navigate to site, fill data and press register" time="14.048">
<system-out><![CDATA[Given guest user go to registration page....................................passed
When guest user fill registration data......................................passed
And guest user click on register button.....................................passed
Then registration success message should appear.............................passed
]]></system-out>
</testcase>
<testcase classname="user should be able to login to profile at the website" name="user login with valid data (username, password)" time="19.71">
<system-out><![CDATA[When user navigates to login page...........................................passed
And user enters "mohamedyoussefomar@gmail.com" and "MoYo@123"...............passed
Then user clicks login then login is successful.............................passed
]]></system-out>
</testcase>
<testcase classname="user must be able to switch between currencies USD and Euro" name="user must be able to switch between currencies" time="10.741">
<system-out><![CDATA[When user clicks on dropdown list and select euro...........................passed
]]></system-out>
</testcase>
<testcase classname="user could hover categories and select sub category" name="user could hover between categories" time="8.764">
<system-out><![CDATA[When user hovers to main categories and selects sub category................passed
]]></system-out>
</testcase>
<testcase classname="users can search for products" name="user can search for products" time="12.991">
<system-out><![CDATA[When user navigates to homepage.............................................passed
And user clicks on search field in homepage.................................passed
Then search result appears on screen........................................passed
]]></system-out>
</testcase>
<testcase classname="user will be able to choose between sliders in homepage" name="first slider is clickable at homepage" time="6.553">
<failure message="expected [https://demo.nopcommerce.com/nokia-lumia-1020] but found [https://demo.nopcommerce.com/]" type="java.lang.AssertionError"><![CDATA[When user clicks on first slider............................................passed
Then relative product for first slider is displayed.........................failed

StackTrace:
java.lang.AssertionError: expected [https://demo.nopcommerce.com/nokia-lumia-1020] but found [https://demo.nopcommerce.com/]
	at org.testng.Assert.fail(Assert.java:110)
	at org.testng.Assert.failNotEquals(Assert.java:1413)
	at org.testng.Assert.assertEqualsImpl(Assert.java:149)
	at org.testng.Assert.assertEquals(Assert.java:131)
	at org.testng.Assert.assertEquals(Assert.java:655)
	at org.testng.Assert.assertEquals(Assert.java:665)
	at stepDefinitions.D06_homeSlidersStepDef.product_displayed(D06_homeSlidersStepDef.java:19)
	at ✽.relative product for first slider is displayed(file:///C:/Users/moham/IdeaProjects/E-Commerce-Automation_May_EGfwd/src/main/resources/features/F06_homeSliders.feature:6)
]]></failure>
</testcase>
<testcase classname="user will be able to choose between sliders in homepage" name="second slider is clickable at homepage" time="6.89">
<failure message="expected [https://demo.nopcommerce.com/iphones6] but found [https://demo.nopcommerce.com/]" type="java.lang.AssertionError"><![CDATA[When user clicks on second slider...........................................passed
Then relative product for second slider is displayed........................failed

StackTrace:
java.lang.AssertionError: expected [https://demo.nopcommerce.com/iphones6] but found [https://demo.nopcommerce.com/]
	at org.testng.Assert.fail(Assert.java:110)
	at org.testng.Assert.failNotEquals(Assert.java:1413)
	at org.testng.Assert.assertEqualsImpl(Assert.java:149)
	at org.testng.Assert.assertEquals(Assert.java:131)
	at org.testng.Assert.assertEquals(Assert.java:655)
	at org.testng.Assert.assertEquals(Assert.java:665)
	at stepDefinitions.D06_homeSlidersStepDef.product_second_displayed(D06_homeSlidersStepDef.java:32)
	at ✽.relative product for second slider is displayed(file:///C:/Users/moham/IdeaProjects/E-Commerce-Automation_May_EGfwd/src/main/resources/features/F06_homeSliders.feature:10)
]]></failure>
</testcase>
<testcase classname="user can press on follow us icons" name="user could open site and press follow us on facebook" time="12.189">
<system-out><![CDATA[When user clicks on facebook icon...........................................passed
Then facebook is opened in new tab..........................................passed
]]></system-out>
</testcase>
<testcase classname="user can press on follow us icons" name="user could open site and clicks follow us on twitter" time="31.165">
<system-out><![CDATA[When user clicks on twitter icon............................................passed
Then twitter is opened in new tab...........................................passed
]]></system-out>
</testcase>
<testcase classname="user can press on follow us icons" name="user could open site and clicks follow us on rss" time="13.101">
<system-out><![CDATA[When user clicks on rss icon................................................passed
Then rss is opened in new tab...............................................passed
]]></system-out>
</testcase>
<testcase classname="user can press on follow us icons" name="user could open site and clicks follow us on youtube" time="14.834">
<system-out><![CDATA[When user clicks on youtube icon............................................passed
Then youtube is opened in new tab...........................................passed
]]></system-out>
</testcase>
<testcase classname="user can add a product to wishlist" name="success message is visible after adding product to wishlist" time="6.804">
<system-out><![CDATA[When user adds a product to wishlist........................................passed
]]></system-out>
</testcase>
<testcase classname="Add product to shopping cart" name="user could open site add product to shopping cart" time="14.699">
<system-out><![CDATA[When user navigates to products page........................................passed
Then user presses on add to shopping cart button............................passed
]]></system-out>
</testcase>
</testsuite>
